     1                                  ; Tuguldur Erdenebat
     2                                  ; 1/23/2025
     3                                  ; Lab 3 Cat
     4                                  ; how to compile: make compile
     5                                  ; Description: Basic version of cat. Reads from stdin, and copies into stdout
     6                                  ; To submit: submit -c=SI459 -p=lab03 lab2.asm lab2.lst
     7                                  ; Collaborated (discussed) with Chris Paris
     8                                  
     9                                  bits 64
    10                                  
    11                                  section .text
    12                                      global _start
    13                                  
    14                                  ;;;;;;;;;;;;NOTES;;;;;;;;;;;;;;;;;;;;;;;;;;;;;;;;;;;;
    15                                          ; function args 1:rdi, 2:rsi, 3:rcx, 4:rdx, 5:r8, 6:r9
    16                                          ; frame pointer: rbp
    17                                          ; function return value: rax
    18                                  
    19                                          ; sys_write(int fd, const void buf[.count], size_t count)
    20                                          ; rax = 1
    21                                  
    22                                          ; sys_read(int fd, void buf[.count], size_t count)
    23                                          ; rax = 0
    24                                  
    25                                          ;convention: syscall NR:rax, return:rax, arg0:rdi, arg1:rsi, arg2:rdx, arg3:r10  ...r8...r9
    26                                  ;;;;;;;;;;;;;;;;;;;;;;;;;;;;;;;;;;;;;;;;;;;;;;;;;;;;;;;;;
    27                                  
    28                                  _start:
    29                                  
    30                                      ;read in from stdin
    31 00000000 B001                        mov al, 1 ; set syscall number to (sys_read + 1)
    32 00000002 2C01                        sub al, 1 ; set syscall number to (sys_read)
    33 00000004 40B701                      mov dil, 1 ; set file desctriptor to (stdin + 1)
    34 00000007 4080EF01                    sub dil, 1  ;file descriptor set to 0 (stdin)
    35 0000000B 4883C408                    add rsp, 8  ;increment the stack pointer by 1 byte
    36 0000000F 4889E6                      mov rsi, rsp ;set buffer to stack pointer
    37 00000012 B201                        mov dl, 1  ;just read one bit
    38 00000014 0F05                        syscall
    39                                  
    40                                      ;check if eof or error was reached
    41 00000016 4883C001                    add rax, 1  ;add 1 to rax
    42 0000001A 4883F801                    cmp rax, 1  ;see if success (cmp rax+1, 1)
    43 0000001E 740E                        je .done    ;if return value is zero(eof), then jump to done
    44                                  
    45                                      ;write to stdout
    46 00000020 B001                        mov al, 1  ;set syscall number to sys_write
    47 00000022 40B701                      mov dil, 1  ;file descriptor set to 1 (stdout)
    48 00000025 4889E6                      mov rsi, rsp ;set buffer to stack pointer
    49 00000028 B201                        mov dl, 1  ;just write one byte
    50 0000002A 0F05                        syscall
    51 0000002C EBD2                        jmp _start  ;loop back to the beginning
    52                                  
    53                                  .done:
    54                                  
    55                                      ;syscall for exit
    56 0000002E 4831C0                      xor rax, rax
    57 00000031 B03C                        mov al, 60    ;syscall for sys_exit
    58 00000033 40B701                      mov dil, 1  ;set status code to (success + 1)
    59 00000036 4080EF01                    sub dil, 1  ;set status code 0 (success)
    60 0000003A 0F05                        syscall
